<?xml version="1.0" encoding="UTF-8"?>
<testsuite name="com.gradle.tutorial.FuzzBuzzProcessionTest" tests="4" skipped="0" failures="0" errors="0" timestamp="2023-04-17T16:22:19" hostname="MacBook-Air-Roma.local" time="0.067">
  <properties/>
  <testcase name="FizzBuzzThreeNumbers()" classname="com.gradle.tutorial.FuzzBuzzProcessionTest" time="0.051"/>
  <testcase name="FizzBuzzFiveNumbers()" classname="com.gradle.tutorial.FuzzBuzzProcessionTest" time="0.001"/>
  <testcase name="FizzBuzzNormalNumbers()" classname="com.gradle.tutorial.FuzzBuzzProcessionTest" time="0.003"/>
  <testcase name="FizzBuzzThreeAndFiveNumbers()" classname="com.gradle.tutorial.FuzzBuzzProcessionTest" time="0.002"/>
  <system-out><![CDATA[]]></system-out>
  <system-err><![CDATA[]]></system-err>
</testsuite>
